<?xml version="1.0" encoding="UTF-8"?>
<testng-results ignored="0" total="2" passed="2" failed="0" skipped="0">
  <reporter-output>
    <line>
      <![CDATA[verifyzerodhakiteUsername]]>
    </line>
    <line>
      <![CDATA[verifyzerodhakitePassword]]>
    </line>
    <line>
      <![CDATA[verifyzerodhakitesubmitBtn]]>
    </line>
    <line>
      <![CDATA[verifyzerodhakitePin]]>
    </line>
    <line>
      <![CDATA[verifypincontinuebtn]]>
    </line>
    <line>
      <![CDATA[verifydashboard]]>
    </line>
    <line>
      <![CDATA[verifyfunds]]>
    </line>
    <line>
      <![CDATA[verifyholdings]]>
    </line>
    <line>
      <![CDATA[verifykitelogo]]>
    </line>
    <line>
      <![CDATA[verifyHomepageMarginavailable]]>
    </line>
    <line>
      <![CDATA[verifymarginused]]>
    </line>
    <line>
      <![CDATA[verifynickname]]>
    </line>
    <line>
      <![CDATA[verifyopeningstatement]]>
    </line>
    <line>
      <![CDATA[verifyorders]]>
    </line>
    <line>
      <![CDATA[verifyserachbar]]>
    </line>
    <line>
      <![CDATA[verifyuserID]]>
    </line>
    <line>
      <![CDATA[verifyusername]]>
    </line>
    <line>
      <![CDATA[verifyemailID]]>
    </line>
    <line>
      <![CDATA[verifylogout]]>
    </line>
    <line>
      <![CDATA[verifyzerodhakiteandroidLogo]]>
    </line>
    <line>
      <![CDATA[VerifyzerodhakiteForgetPassword]]>
    </line>
    <line>
      <![CDATA[verifyzerodhakiteHeaderLine]]>
    </line>
    <line>
      <![CDATA[VerifyzerodhakiteiOSLogo]]>
    </line>
    <line>
      <![CDATA[varyfyzerodhakitelogo]]>
    </line>
    <line>
      <![CDATA[verifyzerodhakiteUsername]]>
    </line>
    <line>
      <![CDATA[verifyzerodhakitePassword]]>
    </line>
    <line>
      <![CDATA[verifyzerodhakiteSighupLink]]>
    </line>
    <line>
      <![CDATA[verifyzerodhakitesubmitBtn]]>
    </line>
    <line>
      <![CDATA[verifyzerodhakiteVersion]]>
    </line>
    <line>
      <![CDATA[verifyzerodhakiteZerodhaLogo]]>
    </line>
    <line>
      <![CDATA[verifyzerodhakitePin]]>
    </line>
    <line>
      <![CDATA[verifypincontinuebtn]]>
    </line>
  </reporter-output>
  <suite started-at="2022-09-01T10:40:34Z" name="Surefire suite" finished-at="2022-09-01T10:40:54Z" duration-ms="20133">
    <groups>
    </groups>
    <test started-at="2022-09-01T10:40:34Z" name="Surefire test" finished-at="2022-09-01T10:40:54Z" duration-ms="20133">
      <class name="com.Maven1.qa.Testcases.LoginTest">
        <test-method is-config="true" signature="setup()[pri:0, instance:com.Maven1.qa.Testcases.LoginTest@1068e947]" started-at="2022-09-01T16:10:47Z" name="setup" finished-at="2022-09-01T16:10:53Z" duration-ms="5463" status="PASS">
          <reporter-output>
          </reporter-output>
        </test-method> <!-- setup -->
        <test-method signature="ZerodhaLoginPageTest()[pri:0, instance:com.Maven1.qa.Testcases.LoginTest@1068e947]" started-at="2022-09-01T16:10:53Z" name="ZerodhaLoginPageTest" finished-at="2022-09-01T16:10:54Z" duration-ms="1220" status="PASS">
          <reporter-output>
            <line>
              <![CDATA[verifyzerodhakiteandroidLogo]]>
            </line>
            <line>
              <![CDATA[VerifyzerodhakiteForgetPassword]]>
            </line>
            <line>
              <![CDATA[verifyzerodhakiteHeaderLine]]>
            </line>
            <line>
              <![CDATA[VerifyzerodhakiteiOSLogo]]>
            </line>
            <line>
              <![CDATA[varyfyzerodhakitelogo]]>
            </line>
            <line>
              <![CDATA[verifyzerodhakiteUsername]]>
            </line>
            <line>
              <![CDATA[verifyzerodhakitePassword]]>
            </line>
            <line>
              <![CDATA[verifyzerodhakiteSighupLink]]>
            </line>
            <line>
              <![CDATA[verifyzerodhakitesubmitBtn]]>
            </line>
            <line>
              <![CDATA[verifyzerodhakiteVersion]]>
            </line>
            <line>
              <![CDATA[verifyzerodhakiteZerodhaLogo]]>
            </line>
            <line>
              <![CDATA[verifyzerodhakitePin]]>
            </line>
            <line>
              <![CDATA[verifypincontinuebtn]]>
            </line>
          </reporter-output>
        </test-method> <!-- ZerodhaLoginPageTest -->
        <test-method is-config="true" signature="Capturess(org.testng.ITestResult)[pri:0, instance:com.Maven1.qa.Testcases.LoginTest@1068e947]" started-at="2022-09-01T16:10:54Z" name="Capturess" finished-at="2022-09-01T16:10:54Z" duration-ms="1" status="PASS">
          <params>
            <param index="0">
              <value>
                <![CDATA[[TestResult name=ZerodhaLoginPageTest status=SUCCESS method=LoginTest.ZerodhaLoginPageTest()[pri:0, instance:com.Maven1.qa.Testcases.LoginTest@1068e947] output=verifyzerodhakiteandroidLogo]]]>
              </value>
            </param>
          </params>
          <reporter-output>
          </reporter-output>
        </test-method> <!-- Capturess -->
        <test-method is-config="true" signature="close()[pri:0, instance:com.Maven1.qa.Testcases.LoginTest@1068e947]" started-at="2022-09-01T16:10:54Z" name="close" finished-at="2022-09-01T16:10:54Z" duration-ms="376" status="PASS">
          <reporter-output>
          </reporter-output>
        </test-method> <!-- close -->
      </class> <!-- com.Maven1.qa.Testcases.LoginTest -->
      <class name="com.Maven1.qa.Testcases.HomepageTest">
        <test-method is-config="true" signature="Setup()[pri:0, instance:com.Maven1.qa.Testcases.HomepageTest@2f8f5f62]" started-at="2022-09-01T16:10:34Z" name="Setup" finished-at="2022-09-01T16:10:41Z" duration-ms="7161" status="PASS">
          <reporter-output>
          </reporter-output>
        </test-method> <!-- Setup -->
        <test-method signature="testhompage()[pri:0, instance:com.Maven1.qa.Testcases.HomepageTest@2f8f5f62]" started-at="2022-09-01T16:10:42Z" name="testhompage" finished-at="2022-09-01T16:10:46Z" duration-ms="4726" status="PASS">
          <reporter-output>
            <line>
              <![CDATA[verifyzerodhakiteUsername]]>
            </line>
            <line>
              <![CDATA[verifyzerodhakitePassword]]>
            </line>
            <line>
              <![CDATA[verifyzerodhakitesubmitBtn]]>
            </line>
            <line>
              <![CDATA[verifyzerodhakitePin]]>
            </line>
            <line>
              <![CDATA[verifypincontinuebtn]]>
            </line>
            <line>
              <![CDATA[verifydashboard]]>
            </line>
            <line>
              <![CDATA[verifyfunds]]>
            </line>
            <line>
              <![CDATA[verifyholdings]]>
            </line>
            <line>
              <![CDATA[verifykitelogo]]>
            </line>
            <line>
              <![CDATA[verifyHomepageMarginavailable]]>
            </line>
            <line>
              <![CDATA[verifymarginused]]>
            </line>
            <line>
              <![CDATA[verifynickname]]>
            </line>
            <line>
              <![CDATA[verifyopeningstatement]]>
            </line>
            <line>
              <![CDATA[verifyorders]]>
            </line>
            <line>
              <![CDATA[verifyserachbar]]>
            </line>
            <line>
              <![CDATA[verifyuserID]]>
            </line>
            <line>
              <![CDATA[verifyusername]]>
            </line>
            <line>
              <![CDATA[verifyemailID]]>
            </line>
            <line>
              <![CDATA[verifylogout]]>
            </line>
          </reporter-output>
        </test-method> <!-- testhompage -->
        <test-method is-config="true" signature="Capturess(org.testng.ITestResult)[pri:0, instance:com.Maven1.qa.Testcases.HomepageTest@2f8f5f62]" started-at="2022-09-01T16:10:46Z" name="Capturess" finished-at="2022-09-01T16:10:46Z" duration-ms="2" status="PASS">
          <params>
            <param index="0">
              <value>
                <![CDATA[[TestResult name=testhompage status=SUCCESS method=HomepageTest.testhompage()[pri:0, instance:com.Maven1.qa.Testcases.HomepageTest@2f8f5f62] output=verifyzerodhakiteUsername]]]>
              </value>
            </param>
          </params>
          <reporter-output>
          </reporter-output>
        </test-method> <!-- Capturess -->
        <test-method is-config="true" signature="teardown()[pri:0, instance:com.Maven1.qa.Testcases.HomepageTest@2f8f5f62]" started-at="2022-09-01T16:10:46Z" name="teardown" finished-at="2022-09-01T16:10:47Z" duration-ms="1135" status="PASS">
          <reporter-output>
          </reporter-output>
        </test-method> <!-- teardown -->
      </class> <!-- com.Maven1.qa.Testcases.HomepageTest -->
    </test> <!-- Surefire test -->
  </suite> <!-- Surefire suite -->
</testng-results>
