<?xml version="1.0" encoding="UTF-8"?>
<testsuite xmlns:xsi="http://www.w3.org/2001/XMLSchema-instance" xsi:noNamespaceSchemaLocation="https://maven.apache.org/surefire/maven-surefire-plugin/xsd/surefire-test-report-3.0.xsd" version="3.0" name="TestSuite" time="20.938" tests="2" errors="0" skipped="0" failures="0">
  <properties>
[...]
</properties>
  <testcase name="testhompage" classname="com.Maven1.qa.Testcases.HomepageTest" time="4.694">
    <system-out><![CDATA[verifyzerodhakiteUsername
verifyzerodhakitePassword
verifyzerodhakitesubmitBtn
verifyzerodhakitePin
verifydashboard
verifyfunds
verifyholdings
verifykitelogo
verifyHomepageMarginavailable
verifymarginused
verifynickname
verifyopeningstatement
verifyorders
verifyserachbar
verifyuserID
verifyusername
verifyemailID
verifylogout
]]></system-out>
    <system-err><![CDATA[Starting ChromeDriver 105.0.5195.52 (412c95e518836d8a7d97250d62b29c2ae6a26a85-refs/branch-heads/5195@{#853}) on port 12252
Only local connections are allowed.
Please see https://chromedriver.chromium.org/security-considerations for suggestions on keeping ChromeDriver safe.
ChromeDriver was started successfully.
Sep 01, 2022 4:10:38 PM org.openqa.selenium.remote.ProtocolHandshake createSession
INFO: Detected dialect: W3C
]]></system-err>
  </testcase>
  <testcase name="ZerodhaLoginPageTest" classname="com.Maven1.qa.Testcases.LoginTest" time="1.208">
    <system-out><![CDATA[verifyzerodhakiteandroidLogo
VerifyzerodhakiteForgetPassword
verifyzerodhakiteHeaderLine
VerifyzerodhakiteiOSLogo
varyfyzerodhakitelogo
verifyzerodhakiteUsername
verifyzerodhakitePassword
verifyzerodhakiteSighupLink
verifyzerodhakitesubmitBtn
verifyzerodhakiteVersion
verifyzerodhakiteZerodhaLogo
verifyzerodhakitePin
]]></system-out>
    <system-err><![CDATA[Starting ChromeDriver 105.0.5195.52 (412c95e518836d8a7d97250d62b29c2ae6a26a85-refs/branch-heads/5195@{#853}) on port 47278
Only local connections are allowed.
Please see https://chromedriver.chromium.org/security-considerations for suggestions on keeping ChromeDriver safe.
ChromeDriver was started successfully.
Sep 01, 2022 4:10:50 PM org.openqa.selenium.remote.ProtocolHandshake createSession
INFO: Detected dialect: W3C
]]></system-err>
  </testcase>
</testsuite>